<?xml version="1.0" encoding="UTF-8"?>
<testsuite xmlns:xsi="http://www.w3.org/2001/XMLSchema-instance" xsi:noNamespaceSchemaLocation="https://maven.apache.org/surefire/maven-surefire-plugin/xsd/surefire-test-report-3.0.xsd" version="3.0" name="com.test.RunTest" time="30.909" tests="3" errors="0" skipped="0" failures="0">
  <properties>
[...]
</properties>
  <testcase name="Dado que eu escreva as informações do usuário" classname="Cenario: Login com sucesso 2" time="0">
    <system-out><![CDATA[Sua plataforma é: devicefarm
]]></system-out>
  </testcase>
  <testcase name="Quando escrever os dados da senha com &quot;123456&quot;" classname="Cenario: Login com sucesso 2" time="0.001"/>
  <testcase name="" classname="Cenario: Login com sucesso 2" time="0.001"/>
</testsuite>